[2024-05-24 16:29:29,857] [140247828813632] DEBUG	logging.py - wrapper:129 -> [START] /usr/local/lib/python3.9/site-packages/ait_sdk/common/files/ait_requirements_generator.py[3]:add_package(<ait_sdk.common.files.ait_requirements_generator.AITRequirementsGenerator object at 0x7f8de8bb5640>,pandas)
[2024-05-24 16:29:29,858] [140247828813632] DEBUG	logging.py - wrapper:137 -> [END] /usr/local/lib/python3.9/site-packages/ait_sdk/common/files/ait_requirements_generator.py[3]:add_package()
[2024-05-24 16:29:29,859] [140247828813632] DEBUG	logging.py - wrapper:129 -> [START] /usr/local/lib/python3.9/site-packages/ait_sdk/common/files/ait_requirements_generator.py[4]:add_package(<ait_sdk.common.files.ait_requirements_generator.AITRequirementsGenerator object at 0x7f8de8bb5640>,seaborn)
[2024-05-24 16:29:29,862] [140247828813632] DEBUG	logging.py - wrapper:137 -> [END] /usr/local/lib/python3.9/site-packages/ait_sdk/common/files/ait_requirements_generator.py[4]:add_package()
[2024-05-24 16:29:29,867] [140247828813632] DEBUG	logging.py - wrapper:129 -> [START] /usr/local/lib/python3.9/site-packages/ait_sdk/common/files/ait_requirements_generator.py[2]:add_package(<ait_sdk.common.files.ait_requirements_generator.AITRequirementsGenerator object at 0x7f8de8bb5640>,./ait_sdk-0.1.22-py3-none-any.whl)
[2024-05-24 16:29:29,873] [140247828813632] DEBUG	logging.py - wrapper:137 -> [END] /usr/local/lib/python3.9/site-packages/ait_sdk/common/files/ait_requirements_generator.py[2]:add_package()
[2024-05-24 16:29:29,875] [140247828813632] DEBUG	logging.py - wrapper:129 -> [START] /usr/local/lib/python3.9/site-packages/ait_sdk/common/files/ait_requirements_generator.py[3]:create_requirements(<ait_sdk.common.files.ait_requirements_generator.AITRequirementsGenerator object at 0x7f8de8bb5640>,/workdir/root/develop)
[2024-05-24 16:29:29,878] [140247828813632] DEBUG	logging.py - wrapper:135 -> [END] /usr/local/lib/python3.9/site-packages/ait_sdk/common/files/ait_requirements_generator.py[3]:create_requirements() = /workdir/root/develop/requirements.txt
[2024-05-24 16:29:43,166] [140247828813632] DEBUG	__init__.py - wrapper:305 -> matplotlib data path: /usr/local/lib/python3.9/site-packages/matplotlib/mpl-data
[2024-05-24 16:29:43,170] [140247828813632] DEBUG	__init__.py - wrapper:305 -> CONFIGDIR=/root/.config/matplotlib
[2024-05-24 16:29:43,172] [140247828813632] DEBUG	__init__.py - <module>:1479 -> interactive is False
[2024-05-24 16:29:43,173] [140247828813632] DEBUG	__init__.py - <module>:1480 -> platform is linux
[2024-05-24 16:29:43,211] [140247828813632] DEBUG	__init__.py - wrapper:305 -> CACHEDIR=/root/.cache/matplotlib
[2024-05-24 16:29:43,212] [140247828813632] DEBUG	font_manager.py - __init__:999 -> font search path [PosixPath('/usr/local/lib/python3.9/site-packages/matplotlib/mpl-data/fonts/ttf'), PosixPath('/usr/local/lib/python3.9/site-packages/matplotlib/mpl-data/fonts/afm'), PosixPath('/usr/local/lib/python3.9/site-packages/matplotlib/mpl-data/fonts/pdfcorefonts')]
[2024-05-24 16:29:43,378] [140247828813632] INFO	font_manager.py - _load_fontmanager:1547 -> generated new fontManager
[2024-05-24 16:29:43,641] [140247828813632] DEBUG	logging.py - wrapper:129 -> [START] /usr/local/lib/python3.9/site-packages/ait_sdk/common/files/ait_manifest_generator.py[5]:set_ait_name(<ait_sdk.common.files.ait_manifest_generator.AITManifestGenerator object at 0x7f8dd118c4c0>,test_ait_syou)
[2024-05-24 16:29:43,642] [140247828813632] DEBUG	logging.py - wrapper:137 -> [END] /usr/local/lib/python3.9/site-packages/ait_sdk/common/files/ait_manifest_generator.py[5]:set_ait_name()
[2024-05-24 16:29:43,642] [140247828813632] DEBUG	logging.py - wrapper:129 -> [START] /usr/local/lib/python3.9/site-packages/ait_sdk/common/files/ait_manifest_generator.py[6]:set_ait_description(<ait_sdk.common.files.ait_manifest_generator.AITManifestGenerator object at 0x7f8dd118c4c0>,AIT template (docker image regist to remote))
[2024-05-24 16:29:43,644] [140247828813632] DEBUG	logging.py - wrapper:137 -> [END] /usr/local/lib/python3.9/site-packages/ait_sdk/common/files/ait_manifest_generator.py[6]:set_ait_description()
[2024-05-24 16:29:43,647] [140247828813632] DEBUG	logging.py - wrapper:129 -> [START] /usr/local/lib/python3.9/site-packages/ait_sdk/common/files/ait_manifest_generator.py[7]:set_ait_source_repository(<ait_sdk.common.files.ait_manifest_generator.AITManifestGenerator object at 0x7f8dd118c4c0>,https://github.com/SYOUHI/test_ait_syou)
[2024-05-24 16:29:43,647] [140247828813632] DEBUG	logging.py - wrapper:137 -> [END] /usr/local/lib/python3.9/site-packages/ait_sdk/common/files/ait_manifest_generator.py[7]:set_ait_source_repository()
[2024-05-24 16:29:43,647] [140247828813632] DEBUG	logging.py - wrapper:129 -> [START] /usr/local/lib/python3.9/site-packages/ait_sdk/common/files/ait_manifest_generator.py[8]:set_ait_version(<ait_sdk.common.files.ait_manifest_generator.AITManifestGenerator object at 0x7f8dd118c4c0>,1.0)
[2024-05-24 16:29:43,648] [140247828813632] DEBUG	logging.py - wrapper:137 -> [END] /usr/local/lib/python3.9/site-packages/ait_sdk/common/files/ait_manifest_generator.py[8]:set_ait_version()
[2024-05-24 16:29:43,648] [140247828813632] DEBUG	logging.py - wrapper:129 -> [START] /usr/local/lib/python3.9/site-packages/ait_sdk/common/files/ait_manifest_generator.py[9]:add_ait_keywords(<ait_sdk.common.files.ait_manifest_generator.AITManifestGenerator object at 0x7f8dd118c4c0>,Template)
[2024-05-24 16:29:43,648] [140247828813632] DEBUG	logging.py - wrapper:137 -> [END] /usr/local/lib/python3.9/site-packages/ait_sdk/common/files/ait_manifest_generator.py[9]:add_ait_keywords()
[2024-05-24 16:29:43,650] [140247828813632] DEBUG	logging.py - wrapper:129 -> [START] /usr/local/lib/python3.9/site-packages/ait_sdk/common/files/ait_manifest_generator.py[10]:set_ait_quality(<ait_sdk.common.files.ait_manifest_generator.AITManifestGenerator object at 0x7f8dd118c4c0>,https://ait-hub.pj.aist.go.jp/ait-hub/api/0.0.1/qualityDimensions/機械学習品質マネジメントガイドライン第三版/A-2データ設計の十分性)
[2024-05-24 16:29:43,650] [140247828813632] DEBUG	logging.py - wrapper:137 -> [END] /usr/local/lib/python3.9/site-packages/ait_sdk/common/files/ait_manifest_generator.py[10]:set_ait_quality()
[2024-05-24 16:29:43,651] [140247828813632] DEBUG	logging.py - wrapper:129 -> [START] /usr/local/lib/python3.9/site-packages/ait_sdk/common/files/ait_manifest_generator.py[11]:format_ait_inventory_requirement(<ait_sdk.common.files.ait_manifest_generator.AITManifestGenerator object at 0x7f8dd118c4c0>)
[2024-05-24 16:29:43,651] [140247828813632] DEBUG	logging.py - wrapper:135 -> [END] /usr/local/lib/python3.9/site-packages/ait_sdk/common/files/ait_manifest_generator.py[11]:format_ait_inventory_requirement() = {'format': ['csv']}
[2024-05-24 16:29:43,651] [140247828813632] DEBUG	logging.py - wrapper:129 -> [START] /usr/local/lib/python3.9/site-packages/ait_sdk/common/files/ait_manifest_generator.py[12]:add_ait_inventories(<ait_sdk.common.files.ait_manifest_generator.AITManifestGenerator object at 0x7f8dd118c4c0>)
[2024-05-24 16:29:43,651] [140247828813632] DEBUG	logging.py - wrapper:137 -> [END] /usr/local/lib/python3.9/site-packages/ait_sdk/common/files/ait_manifest_generator.py[12]:add_ait_inventories()
[2024-05-24 16:29:43,652] [140247828813632] DEBUG	logging.py - wrapper:129 -> [START] /usr/local/lib/python3.9/site-packages/ait_sdk/common/files/ait_manifest_generator.py[16]:add_ait_parameters(<ait_sdk.common.files.ait_manifest_generator.AITManifestGenerator object at 0x7f8dd118c4c0>)
[2024-05-24 16:29:43,652] [140247828813632] DEBUG	logging.py - wrapper:137 -> [END] /usr/local/lib/python3.9/site-packages/ait_sdk/common/files/ait_manifest_generator.py[16]:add_ait_parameters()
[2024-05-24 16:29:43,652] [140247828813632] DEBUG	logging.py - wrapper:129 -> [START] /usr/local/lib/python3.9/site-packages/ait_sdk/common/files/ait_manifest_generator.py[20]:add_ait_measures(<ait_sdk.common.files.ait_manifest_generator.AITManifestGenerator object at 0x7f8dd118c4c0>)
[2024-05-24 16:29:43,652] [140247828813632] DEBUG	logging.py - wrapper:137 -> [END] /usr/local/lib/python3.9/site-packages/ait_sdk/common/files/ait_manifest_generator.py[20]:add_ait_measures()
[2024-05-24 16:29:43,652] [140247828813632] DEBUG	logging.py - wrapper:129 -> [START] /usr/local/lib/python3.9/site-packages/ait_sdk/common/files/ait_manifest_generator.py[25]:add_ait_resources(<ait_sdk.common.files.ait_manifest_generator.AITManifestGenerator object at 0x7f8dd118c4c0>)
[2024-05-24 16:29:43,652] [140247828813632] DEBUG	logging.py - wrapper:137 -> [END] /usr/local/lib/python3.9/site-packages/ait_sdk/common/files/ait_manifest_generator.py[25]:add_ait_resources()
[2024-05-24 16:29:43,653] [140247828813632] DEBUG	logging.py - wrapper:129 -> [START] /usr/local/lib/python3.9/site-packages/ait_sdk/common/files/ait_manifest_generator.py[28]:add_ait_downloads(<ait_sdk.common.files.ait_manifest_generator.AITManifestGenerator object at 0x7f8dd118c4c0>)
[2024-05-24 16:29:43,653] [140247828813632] DEBUG	logging.py - wrapper:137 -> [END] /usr/local/lib/python3.9/site-packages/ait_sdk/common/files/ait_manifest_generator.py[28]:add_ait_downloads()
[2024-05-24 16:29:43,653] [140247828813632] DEBUG	logging.py - wrapper:129 -> [START] /usr/local/lib/python3.9/site-packages/ait_sdk/common/files/ait_manifest_generator.py[30]:write(<ait_sdk.common.files.ait_manifest_generator.AITManifestGenerator object at 0x7f8dd118c4c0>)
[2024-05-24 16:29:43,653] [140247828813632] DEBUG	logging.py - wrapper:129 -> [START] /usr/local/lib/python3.9/site-packages/ait_sdk/common/files/ait_manifest_generator.py[664]:_check_required_items(<ait_sdk.common.files.ait_manifest_generator.AITManifestGenerator object at 0x7f8dd118c4c0>)
[2024-05-24 16:29:43,653] [140247828813632] DEBUG	logging.py - wrapper:137 -> [END] /usr/local/lib/python3.9/site-packages/ait_sdk/common/files/ait_manifest_generator.py[664]:_check_required_items()
[2024-05-24 16:29:43,653] [140247828813632] DEBUG	logging.py - wrapper:129 -> [START] /usr/local/lib/python3.9/site-packages/ait_sdk/common/files/ait_manifest_generator.py[666]:_check_format_items(<ait_sdk.common.files.ait_manifest_generator.AITManifestGenerator object at 0x7f8dd118c4c0>)
[2024-05-24 16:29:43,654] [140247828813632] DEBUG	logging.py - wrapper:137 -> [END] /usr/local/lib/python3.9/site-packages/ait_sdk/common/files/ait_manifest_generator.py[666]:_check_format_items()
[2024-05-24 16:29:43,656] [140247828813632] DEBUG	logging.py - wrapper:135 -> [END] /usr/local/lib/python3.9/site-packages/ait_sdk/common/files/ait_manifest_generator.py[30]:write() = /workdir/root/develop/ait.manifest.json
[2024-05-24 16:29:43,671] [140247828813632] DEBUG	logging.py - wrapper:129 -> [START] /usr/local/lib/python3.9/site-packages/ait_sdk/common/files/ait_input_generator.py[5]:add_ait_inventories(<ait_sdk.common.files.ait_input_generator.AITInputGenerator object at 0x7f8dd118b340>)
[2024-05-24 16:29:43,671] [140247828813632] DEBUG	logging.py - wrapper:137 -> [END] /usr/local/lib/python3.9/site-packages/ait_sdk/common/files/ait_input_generator.py[5]:add_ait_inventories()
[2024-05-24 16:29:43,672] [140247828813632] DEBUG	logging.py - wrapper:129 -> [START] /usr/local/lib/python3.9/site-packages/ait_sdk/common/files/ait_input_generator.py[7]:set_ait_params(<ait_sdk.common.files.ait_input_generator.AITInputGenerator object at 0x7f8dd118b340>)
[2024-05-24 16:29:43,672] [140247828813632] DEBUG	logging.py - wrapper:137 -> [END] /usr/local/lib/python3.9/site-packages/ait_sdk/common/files/ait_input_generator.py[7]:set_ait_params()
[2024-05-24 16:29:43,672] [140247828813632] DEBUG	logging.py - wrapper:129 -> [START] /usr/local/lib/python3.9/site-packages/ait_sdk/common/files/ait_input_generator.py[9]:write(<ait_sdk.common.files.ait_input_generator.AITInputGenerator object at 0x7f8dd118b340>)
[2024-05-24 16:29:43,680] [140247828813632] DEBUG	logging.py - wrapper:135 -> [END] /usr/local/lib/python3.9/site-packages/ait_sdk/common/files/ait_input_generator.py[9]:write() = /usr/local/qai/mnt/ip/job_args/1/1/ait.input.json
[2024-05-24 16:29:43,687] [140247828813632] DEBUG	logging.py - wrapper:129 -> [START] /usr/local/lib/python3.9/site-packages/ait_sdk/common/files/ait_output.py[5]:__init__(<ait_sdk.common.files.ait_output.AITOutput object at 0x7f8dd11a53d0>,<ait_sdk.common.files.ait_manifest.AITManifest object at 0x7f8dd11a5400>)
[2024-05-24 16:29:43,688] [140247828813632] DEBUG	logging.py - wrapper:137 -> [END] /usr/local/lib/python3.9/site-packages/ait_sdk/common/files/ait_output.py[5]:__init__()
[2024-05-24 16:29:43,689] [140247828813632] DEBUG	logging.py - wrapper:129 -> [START] /usr/local/lib/python3.9/site-packages/ait_sdk/develop/ait_path_helper.py[16]:__init__(<ait_sdk.develop.ait_path_helper.AITPathHelper object at 0x7f8dd11a5070>)
[2024-05-24 16:29:43,689] [140247828813632] DEBUG	logging.py - wrapper:137 -> [END] /usr/local/lib/python3.9/site-packages/ait_sdk/develop/ait_path_helper.py[16]:__init__()
[2024-05-24 16:29:43,689] [140247828813632] DEBUG	logging.py - wrapper:129 -> [START] /usr/local/lib/python3.9/site-packages/ait_sdk/develop/ait_path_helper.py[18]:get_input_file_path(<ait_sdk.develop.ait_path_helper.AITPathHelper object at 0x7f8dd11a5070>)
[2024-05-24 16:29:43,690] [140247828813632] DEBUG	logging.py - wrapper:135 -> [END] /usr/local/lib/python3.9/site-packages/ait_sdk/develop/ait_path_helper.py[18]:get_input_file_path() = /usr/local/qai/mnt/ip/job_args/1/1/ait.input.json
[2024-05-24 16:29:43,690] [140247828813632] DEBUG	logging.py - wrapper:129 -> [START] /usr/local/lib/python3.9/site-packages/ait_sdk/common/files/ait_input.py[18]:read_json(<ait_sdk.common.files.ait_input.AITInput object at 0x7f8dd11a53a0>,/usr/local/qai/mnt/ip/job_args/1/1/ait.input.json)
[2024-05-24 16:29:43,694] [140247828813632] DEBUG	logging.py - wrapper:137 -> [END] /usr/local/lib/python3.9/site-packages/ait_sdk/common/files/ait_input.py[18]:read_json()
[2024-05-24 16:29:43,694] [140247828813632] DEBUG	logging.py - wrapper:129 -> [START] /usr/local/lib/python3.9/site-packages/ait_sdk/develop/ait_path_helper.py[19]:get_manifest_file_path(<ait_sdk.develop.ait_path_helper.AITPathHelper object at 0x7f8dd11a5070>)
[2024-05-24 16:29:43,695] [140247828813632] DEBUG	logging.py - wrapper:135 -> [END] /usr/local/lib/python3.9/site-packages/ait_sdk/develop/ait_path_helper.py[19]:get_manifest_file_path() = /workdir/root/develop/ait.manifest.json
[2024-05-24 16:29:43,695] [140247828813632] DEBUG	logging.py - wrapper:129 -> [START] /usr/local/lib/python3.9/site-packages/ait_sdk/common/files/ait_manifest.py[19]:read_json(<ait_sdk.common.files.ait_manifest.AITManifest object at 0x7f8dd11a5400>,/workdir/root/develop/ait.manifest.json)
[2024-05-24 16:29:43,697] [140247828813632] DEBUG	logging.py - wrapper:137 -> [END] /usr/local/lib/python3.9/site-packages/ait_sdk/common/files/ait_manifest.py[19]:read_json()
[2024-05-24 16:29:43,725] [140247828813632] DEBUG	logging.py - wrapper:129 -> [START] /usr/local/lib/python3.9/site-packages/ait_sdk/develop/annotation.py[2]:main()
[2024-05-24 16:29:43,726] [140247828813632] DEBUG	logging.py - wrapper:129 -> [START] /usr/local/lib/python3.9/site-packages/ait_sdk/common/files/ait_input.py[6]:get_inventory_path(<ait_sdk.common.files.ait_input.AITInput object at 0x7f8dd11a53a0>,iris_data)
[2024-05-24 16:29:43,726] [140247828813632] DEBUG	logging.py - wrapper:129 -> [START] /usr/local/lib/python3.9/site-packages/ait_sdk/common/files/ait_input.py[131]:_find_value(<ait_sdk.common.files.ait_input.AITInput object at 0x7f8dd11a53a0>,Inventories,iris_data)
[2024-05-24 16:29:43,726] [140247828813632] DEBUG	logging.py - wrapper:135 -> [END] /usr/local/lib/python3.9/site-packages/ait_sdk/common/files/ait_input.py[131]:_find_value() = /usr/local/qai/inventory/iris_data/tableconvert_csv_4nryby.csv
[2024-05-24 16:29:43,727] [140247828813632] DEBUG	logging.py - wrapper:135 -> [END] /usr/local/lib/python3.9/site-packages/ait_sdk/common/files/ait_input.py[6]:get_inventory_path() = /usr/local/qai/inventory/iris_data/tableconvert_csv_4nryby.csv
[2024-05-24 16:29:43,736] [140247828813632] DEBUG	logging.py - wrapper:129 -> [START] /usr/local/lib/python3.9/site-packages/ait_sdk/common/files/ait_input.py[8]:get_method_param_value(<ait_sdk.common.files.ait_input.AITInput object at 0x7f8dd11a53a0>,mean_column_name)
[2024-05-24 16:29:43,736] [140247828813632] DEBUG	logging.py - wrapper:129 -> [START] /usr/local/lib/python3.9/site-packages/ait_sdk/common/files/ait_input.py[95]:_find_value(<ait_sdk.common.files.ait_input.AITInput object at 0x7f8dd11a53a0>,MethodParams,mean_column_name)
[2024-05-24 16:29:43,737] [140247828813632] DEBUG	logging.py - wrapper:135 -> [END] /usr/local/lib/python3.9/site-packages/ait_sdk/common/files/ait_input.py[95]:_find_value() = petal.width
[2024-05-24 16:29:43,737] [140247828813632] DEBUG	logging.py - wrapper:129 -> [START] /usr/local/lib/python3.9/site-packages/ait_sdk/common/files/ait_manifest.py[101]:get_ait_parameter_type(<ait_sdk.common.files.ait_manifest.AITManifest object at 0x7f8dd11a5400>,mean_column_name)
[2024-05-24 16:29:43,737] [140247828813632] DEBUG	logging.py - wrapper:129 -> [START] /usr/local/lib/python3.9/site-packages/ait_sdk/common/files/ait_manifest.py[150]:_find_path(<ait_sdk.common.files.ait_manifest.AITManifest object at 0x7f8dd11a5400>)
[2024-05-24 16:29:43,737] [140247828813632] DEBUG	logging.py - wrapper:135 -> [END] /usr/local/lib/python3.9/site-packages/ait_sdk/common/files/ait_manifest.py[150]:_find_path() = str
[2024-05-24 16:29:43,738] [140247828813632] DEBUG	logging.py - wrapper:135 -> [END] /usr/local/lib/python3.9/site-packages/ait_sdk/common/files/ait_manifest.py[101]:get_ait_parameter_type() = str
[2024-05-24 16:29:43,738] [140247828813632] DEBUG	logging.py - wrapper:135 -> [END] /usr/local/lib/python3.9/site-packages/ait_sdk/common/files/ait_input.py[8]:get_method_param_value() = petal.width
[2024-05-24 16:29:43,741] [140247828813632] DEBUG	logging.py - wrapper:129 -> [START] /usr/local/lib/python3.9/site-packages/ait_sdk/develop/annotation.py[8]:calc_mean(     sepal.length  sepal.width  petal.length  petal.width    variety
0             5.1          3.5           1.4          0.2     Setosa
1             4.9          3.0           1.4          0.2     Setosa
2             4.7          3.2           1.3          0.2     Setosa
3             4.6          3.1           1.5          0.2     Setosa
4             5.0          3.6           1.4          0.2     Setosa
..            ...          ...           ...          ...        ...
145           6.7          3.0           5.2          2.3  Virginica
146           6.3          2.5           5.0          1.9  Virginica
147           6.5          3.0           5.2          2.0  Virginica
148           6.2          3.4           5.4          2.3  Virginica
149           5.9          3.0           5.1          1.8  Virginica

[150 rows x 5 columns],petal.width)
[2024-05-24 16:29:43,742] [140247828813632] DEBUG	logging.py - wrapper:129 -> [START] /usr/local/lib/python3.9/site-packages/ait_sdk/common/files/ait_output.py[164]:add_measure(<ait_sdk.common.files.ait_output.AITOutput object at 0x7f8dd11a53d0>)
[2024-05-24 16:29:43,742] [140247828813632] DEBUG	logging.py - wrapper:137 -> [END] /usr/local/lib/python3.9/site-packages/ait_sdk/common/files/ait_output.py[164]:add_measure()
[2024-05-24 16:29:43,742] [140247828813632] DEBUG	logging.py - wrapper:135 -> [END] /usr/local/lib/python3.9/site-packages/ait_sdk/develop/annotation.py[8]:calc_mean() = 1.1993333333333336
[2024-05-24 16:29:43,745] [140247828813632] DEBUG	logging.py - wrapper:129 -> [START] /usr/local/lib/python3.9/site-packages/ait_sdk/develop/annotation.py[9]:save_pair_plot(     sepal.length  sepal.width  petal.length  petal.width    variety
0             5.1          3.5           1.4          0.2     Setosa
1             4.9          3.0           1.4          0.2     Setosa
2             4.7          3.2           1.3          0.2     Setosa
3             4.6          3.1           1.5          0.2     Setosa
4             5.0          3.6           1.4          0.2     Setosa
..            ...          ...           ...          ...        ...
145           6.7          3.0           5.2          2.3  Virginica
146           6.3          2.5           5.0          1.9  Virginica
147           6.5          3.0           5.2          2.0  Virginica
148           6.2          3.4           5.4          2.3  Virginica
149           5.9          3.0           5.1          1.8  Virginica

[150 rows x 5 columns])
[2024-05-24 16:29:43,745] [140247828813632] DEBUG	logging.py - wrapper:129 -> [START] /usr/local/lib/python3.9/site-packages/ait_sdk/develop/ait_path_helper.py[245]:get_output_resource_path(<ait_sdk.develop.ait_path_helper.AITPathHelper object at 0x7f8dd11a5070>,pairplot)
[2024-05-24 16:29:43,745] [140247828813632] DEBUG	logging.py - wrapper:129 -> [START] /usr/local/lib/python3.9/site-packages/ait_sdk/develop/ait_path_helper.py[125]:_get_result_dir_path(<ait_sdk.develop.ait_path_helper.AITPathHelper object at 0x7f8dd11a5070>)
[2024-05-24 16:29:43,745] [140247828813632] DEBUG	logging.py - wrapper:129 -> [START] /usr/local/lib/python3.9/site-packages/ait_sdk/common/files/ait_input.py[103]:get_mount_dir_path(<ait_sdk.common.files.ait_input.AITInput object at 0x7f8dd11a53a0>)
[2024-05-24 16:29:43,746] [140247828813632] DEBUG	logging.py - wrapper:135 -> [END] /usr/local/lib/python3.9/site-packages/ait_sdk/common/files/ait_input.py[103]:get_mount_dir_path() = /usr/local/qai/mnt
[2024-05-24 16:29:43,746] [140247828813632] DEBUG	logging.py - wrapper:129 -> [START] /usr/local/lib/python3.9/site-packages/ait_sdk/common/files/ait_input.py[104]:get_job_id(<ait_sdk.common.files.ait_input.AITInput object at 0x7f8dd11a53a0>)
[2024-05-24 16:29:43,746] [140247828813632] DEBUG	logging.py - wrapper:135 -> [END] /usr/local/lib/python3.9/site-packages/ait_sdk/common/files/ait_input.py[104]:get_job_id() = 1
[2024-05-24 16:29:43,746] [140247828813632] DEBUG	logging.py - wrapper:129 -> [START] /usr/local/lib/python3.9/site-packages/ait_sdk/common/files/ait_input.py[105]:get_run_id(<ait_sdk.common.files.ait_input.AITInput object at 0x7f8dd11a53a0>)
[2024-05-24 16:29:43,746] [140247828813632] DEBUG	logging.py - wrapper:135 -> [END] /usr/local/lib/python3.9/site-packages/ait_sdk/common/files/ait_input.py[105]:get_run_id() = 1
[2024-05-24 16:29:43,747] [140247828813632] DEBUG	logging.py - wrapper:135 -> [END] /usr/local/lib/python3.9/site-packages/ait_sdk/develop/ait_path_helper.py[125]:_get_result_dir_path() = /usr/local/qai/mnt/ip/job_result/1/1
[2024-05-24 16:29:43,747] [140247828813632] DEBUG	logging.py - wrapper:135 -> [END] /usr/local/lib/python3.9/site-packages/ait_sdk/develop/ait_path_helper.py[245]:get_output_resource_path() = /usr/local/qai/mnt/ip/job_result/1/1/resources/pairplot/
[2024-05-24 16:29:43,765] [140247828813632] DEBUG	pyplot.py - switch_backend:339 -> Loaded backend module://matplotlib_inline.backend_inline version unknown.
[2024-05-24 16:29:43,767] [140247828813632] DEBUG	pyplot.py - switch_backend:339 -> Loaded backend module://matplotlib_inline.backend_inline version unknown.
[2024-05-24 16:29:43,769] [140247828813632] DEBUG	font_manager.py - _findfont_cached:1379 -> findfont: Matching sans\-serif:style=normal:variant=normal:weight=normal:stretch=normal:size=10.0.
[2024-05-24 16:29:43,770] [140247828813632] DEBUG	font_manager.py - _findfont_cached:1391 -> findfont: score(FontEntry(fname='/usr/local/lib/python3.9/site-packages/matplotlib/mpl-data/fonts/ttf/DejaVuSerif-BoldItalic.ttf', name='DejaVu Serif', style='italic', variant='normal', weight=700, stretch='normal', size='scalable')) = 11.335
[2024-05-24 16:29:43,770] [140247828813632] DEBUG	font_manager.py - _findfont_cached:1391 -> findfont: score(FontEntry(fname='/usr/local/lib/python3.9/site-packages/matplotlib/mpl-data/fonts/ttf/STIXSizTwoSymReg.ttf', name='STIXSizeTwoSym', style='normal', variant='normal', weight=400, stretch='normal', size='scalable')) = 10.05
[2024-05-24 16:29:43,770] [140247828813632] DEBUG	font_manager.py - _findfont_cached:1391 -> findfont: score(FontEntry(fname='/usr/local/lib/python3.9/site-packages/matplotlib/mpl-data/fonts/ttf/STIXSizFourSymReg.ttf', name='STIXSizeFourSym', style='normal', variant='normal', weight=400, stretch='normal', size='scalable')) = 10.05
[2024-05-24 16:29:43,771] [140247828813632] DEBUG	font_manager.py - _findfont_cached:1391 -> findfont: score(FontEntry(fname='/usr/local/lib/python3.9/site-packages/matplotlib/mpl-data/fonts/ttf/STIXGeneralBolIta.ttf', name='STIXGeneral', style='italic', variant='normal', weight=700, stretch='normal', size='scalable')) = 11.335
[2024-05-24 16:29:43,771] [140247828813632] DEBUG	font_manager.py - _findfont_cached:1391 -> findfont: score(FontEntry(fname='/usr/local/lib/python3.9/site-packages/matplotlib/mpl-data/fonts/ttf/cmr10.ttf', name='cmr10', style='normal', variant='normal', weight=400, stretch='normal', size='scalable')) = 10.05
[2024-05-24 16:29:43,771] [140247828813632] DEBUG	font_manager.py - _findfont_cached:1391 -> findfont: score(FontEntry(fname='/usr/local/lib/python3.9/site-packages/matplotlib/mpl-data/fonts/ttf/STIXGeneralBol.ttf', name='STIXGeneral', style='normal', variant='normal', weight=700, stretch='normal', size='scalable')) = 10.335
[2024-05-24 16:29:43,771] [140247828813632] DEBUG	font_manager.py - _findfont_cached:1391 -> findfont: score(FontEntry(fname='/usr/local/lib/python3.9/site-packages/matplotlib/mpl-data/fonts/ttf/cmss10.ttf', name='cmss10', style='normal', variant='normal', weight=400, stretch='normal', size='scalable')) = 10.05
[2024-05-24 16:29:43,771] [140247828813632] DEBUG	font_manager.py - _findfont_cached:1391 -> findfont: score(FontEntry(fname='/usr/local/lib/python3.9/site-packages/matplotlib/mpl-data/fonts/ttf/STIXGeneral.ttf', name='STIXGeneral', style='normal', variant='normal', weight=400, stretch='normal', size='scalable')) = 10.05
[2024-05-24 16:29:43,772] [140247828813632] DEBUG	font_manager.py - _findfont_cached:1391 -> findfont: score(FontEntry(fname='/usr/local/lib/python3.9/site-packages/matplotlib/mpl-data/fonts/ttf/STIXSizOneSymBol.ttf', name='STIXSizeOneSym', style='normal', variant='normal', weight=700, stretch='normal', size='scalable')) = 10.335
[2024-05-24 16:29:43,772] [140247828813632] DEBUG	font_manager.py - _findfont_cached:1391 -> findfont: score(FontEntry(fname='/usr/local/lib/python3.9/site-packages/matplotlib/mpl-data/fonts/ttf/DejaVuSerif-Italic.ttf', name='DejaVu Serif', style='italic', variant='normal', weight=400, stretch='normal', size='scalable')) = 11.05
[2024-05-24 16:29:43,772] [140247828813632] DEBUG	font_manager.py - _findfont_cached:1391 -> findfont: score(FontEntry(fname='/usr/local/lib/python3.9/site-packages/matplotlib/mpl-data/fonts/ttf/DejaVuSansMono-Bold.ttf', name='DejaVu Sans Mono', style='normal', variant='normal', weight=700, stretch='normal', size='scalable')) = 10.335
[2024-05-24 16:29:43,772] [140247828813632] DEBUG	font_manager.py - _findfont_cached:1391 -> findfont: score(FontEntry(fname='/usr/local/lib/python3.9/site-packages/matplotlib/mpl-data/fonts/ttf/STIXNonUni.ttf', name='STIXNonUnicode', style='normal', variant='normal', weight=400, stretch='normal', size='scalable')) = 10.05
[2024-05-24 16:29:43,772] [140247828813632] DEBUG	font_manager.py - _findfont_cached:1391 -> findfont: score(FontEntry(fname='/usr/local/lib/python3.9/site-packages/matplotlib/mpl-data/fonts/ttf/cmex10.ttf', name='cmex10', style='normal', variant='normal', weight=400, stretch='normal', size='scalable')) = 10.05
[2024-05-24 16:29:43,773] [140247828813632] DEBUG	font_manager.py - _findfont_cached:1391 -> findfont: score(FontEntry(fname='/usr/local/lib/python3.9/site-packages/matplotlib/mpl-data/fonts/ttf/DejaVuSansDisplay.ttf', name='DejaVu Sans Display', style='normal', variant='normal', weight=400, stretch='normal', size='scalable')) = 10.05
[2024-05-24 16:29:43,773] [140247828813632] DEBUG	font_manager.py - _findfont_cached:1391 -> findfont: score(FontEntry(fname='/usr/local/lib/python3.9/site-packages/matplotlib/mpl-data/fonts/ttf/cmb10.ttf', name='cmb10', style='normal', variant='normal', weight=400, stretch='normal', size='scalable')) = 10.05
[2024-05-24 16:29:43,773] [140247828813632] DEBUG	font_manager.py - _findfont_cached:1391 -> findfont: score(FontEntry(fname='/usr/local/lib/python3.9/site-packages/matplotlib/mpl-data/fonts/ttf/STIXNonUniBol.ttf', name='STIXNonUnicode', style='normal', variant='normal', weight=700, stretch='normal', size='scalable')) = 10.335
[2024-05-24 16:29:43,773] [140247828813632] DEBUG	font_manager.py - _findfont_cached:1391 -> findfont: score(FontEntry(fname='/usr/local/lib/python3.9/site-packages/matplotlib/mpl-data/fonts/ttf/STIXNonUniIta.ttf', name='STIXNonUnicode', style='italic', variant='normal', weight=400, stretch='normal', size='scalable')) = 11.05
[2024-05-24 16:29:43,773] [140247828813632] DEBUG	font_manager.py - _findfont_cached:1391 -> findfont: score(FontEntry(fname='/usr/local/lib/python3.9/site-packages/matplotlib/mpl-data/fonts/ttf/DejaVuSansMono-Oblique.ttf', name='DejaVu Sans Mono', style='oblique', variant='normal', weight=400, stretch='normal', size='scalable')) = 11.05
[2024-05-24 16:29:43,773] [140247828813632] DEBUG	font_manager.py - _findfont_cached:1391 -> findfont: score(FontEntry(fname='/usr/local/lib/python3.9/site-packages/matplotlib/mpl-data/fonts/ttf/cmtt10.ttf', name='cmtt10', style='normal', variant='normal', weight=400, stretch='normal', size='scalable')) = 10.05
[2024-05-24 16:29:43,774] [140247828813632] DEBUG	font_manager.py - _findfont_cached:1391 -> findfont: score(FontEntry(fname='/usr/local/lib/python3.9/site-packages/matplotlib/mpl-data/fonts/ttf/DejaVuSerif.ttf', name='DejaVu Serif', style='normal', variant='normal', weight=400, stretch='normal', size='scalable')) = 10.05
[2024-05-24 16:29:43,774] [140247828813632] DEBUG	font_manager.py - _findfont_cached:1391 -> findfont: score(FontEntry(fname='/usr/local/lib/python3.9/site-packages/matplotlib/mpl-data/fonts/ttf/STIXNonUniBolIta.ttf', name='STIXNonUnicode', style='italic', variant='normal', weight=700, stretch='normal', size='scalable')) = 11.335
[2024-05-24 16:29:43,774] [140247828813632] DEBUG	font_manager.py - _findfont_cached:1391 -> findfont: score(FontEntry(fname='/usr/local/lib/python3.9/site-packages/matplotlib/mpl-data/fonts/ttf/STIXSizFourSymBol.ttf', name='STIXSizeFourSym', style='normal', variant='normal', weight=700, stretch='normal', size='scalable')) = 10.335
[2024-05-24 16:29:43,774] [140247828813632] DEBUG	font_manager.py - _findfont_cached:1391 -> findfont: score(FontEntry(fname='/usr/local/lib/python3.9/site-packages/matplotlib/mpl-data/fonts/ttf/DejaVuSerif-Bold.ttf', name='DejaVu Serif', style='normal', variant='normal', weight=700, stretch='normal', size='scalable')) = 10.335
[2024-05-24 16:29:43,774] [140247828813632] DEBUG	font_manager.py - _findfont_cached:1391 -> findfont: score(FontEntry(fname='/usr/local/lib/python3.9/site-packages/matplotlib/mpl-data/fonts/ttf/STIXSizThreeSymBol.ttf', name='STIXSizeThreeSym', style='normal', variant='normal', weight=700, stretch='normal', size='scalable')) = 10.335
[2024-05-24 16:29:43,774] [140247828813632] DEBUG	font_manager.py - _findfont_cached:1391 -> findfont: score(FontEntry(fname='/usr/local/lib/python3.9/site-packages/matplotlib/mpl-data/fonts/ttf/DejaVuSans-Bold.ttf', name='DejaVu Sans', style='normal', variant='normal', weight=700, stretch='normal', size='scalable')) = 0.33499999999999996
[2024-05-24 16:29:43,775] [140247828813632] DEBUG	font_manager.py - _findfont_cached:1391 -> findfont: score(FontEntry(fname='/usr/local/lib/python3.9/site-packages/matplotlib/mpl-data/fonts/ttf/STIXSizOneSymReg.ttf', name='STIXSizeOneSym', style='normal', variant='normal', weight=400, stretch='normal', size='scalable')) = 10.05
[2024-05-24 16:29:43,775] [140247828813632] DEBUG	font_manager.py - _findfont_cached:1391 -> findfont: score(FontEntry(fname='/usr/local/lib/python3.9/site-packages/matplotlib/mpl-data/fonts/ttf/STIXSizFiveSymReg.ttf', name='STIXSizeFiveSym', style='normal', variant='normal', weight=400, stretch='normal', size='scalable')) = 10.05
[2024-05-24 16:29:43,775] [140247828813632] DEBUG	font_manager.py - _findfont_cached:1391 -> findfont: score(FontEntry(fname='/usr/local/lib/python3.9/site-packages/matplotlib/mpl-data/fonts/ttf/DejaVuSerifDisplay.ttf', name='DejaVu Serif Display', style='normal', variant='normal', weight=400, stretch='normal', size='scalable')) = 10.05
[2024-05-24 16:29:43,775] [140247828813632] DEBUG	font_manager.py - _findfont_cached:1391 -> findfont: score(FontEntry(fname='/usr/local/lib/python3.9/site-packages/matplotlib/mpl-data/fonts/ttf/STIXSizThreeSymReg.ttf', name='STIXSizeThreeSym', style='normal', variant='normal', weight=400, stretch='normal', size='scalable')) = 10.05
[2024-05-24 16:29:43,775] [140247828813632] DEBUG	font_manager.py - _findfont_cached:1391 -> findfont: score(FontEntry(fname='/usr/local/lib/python3.9/site-packages/matplotlib/mpl-data/fonts/ttf/DejaVuSansMono-BoldOblique.ttf', name='DejaVu Sans Mono', style='oblique', variant='normal', weight=700, stretch='normal', size='scalable')) = 11.335
[2024-05-24 16:29:43,776] [140247828813632] DEBUG	font_manager.py - _findfont_cached:1391 -> findfont: score(FontEntry(fname='/usr/local/lib/python3.9/site-packages/matplotlib/mpl-data/fonts/ttf/cmmi10.ttf', name='cmmi10', style='normal', variant='normal', weight=400, stretch='normal', size='scalable')) = 10.05
[2024-05-24 16:29:43,776] [140247828813632] DEBUG	font_manager.py - _findfont_cached:1391 -> findfont: score(FontEntry(fname='/usr/local/lib/python3.9/site-packages/matplotlib/mpl-data/fonts/ttf/cmsy10.ttf', name='cmsy10', style='normal', variant='normal', weight=400, stretch='normal', size='scalable')) = 10.05
[2024-05-24 16:29:43,776] [140247828813632] DEBUG	font_manager.py - _findfont_cached:1391 -> findfont: score(FontEntry(fname='/usr/local/lib/python3.9/site-packages/matplotlib/mpl-data/fonts/ttf/STIXSizTwoSymBol.ttf', name='STIXSizeTwoSym', style='normal', variant='normal', weight=700, stretch='normal', size='scalable')) = 10.335
[2024-05-24 16:29:43,776] [140247828813632] DEBUG	font_manager.py - _findfont_cached:1391 -> findfont: score(FontEntry(fname='/usr/local/lib/python3.9/site-packages/matplotlib/mpl-data/fonts/ttf/DejaVuSans.ttf', name='DejaVu Sans', style='normal', variant='normal', weight=400, stretch='normal', size='scalable')) = 0.05
[2024-05-24 16:29:43,776] [140247828813632] DEBUG	font_manager.py - _findfont_cached:1391 -> findfont: score(FontEntry(fname='/usr/local/lib/python3.9/site-packages/matplotlib/mpl-data/fonts/ttf/DejaVuSansMono.ttf', name='DejaVu Sans Mono', style='normal', variant='normal', weight=400, stretch='normal', size='scalable')) = 10.05
[2024-05-24 16:29:43,776] [140247828813632] DEBUG	font_manager.py - _findfont_cached:1391 -> findfont: score(FontEntry(fname='/usr/local/lib/python3.9/site-packages/matplotlib/mpl-data/fonts/ttf/STIXGeneralItalic.ttf', name='STIXGeneral', style='italic', variant='normal', weight=400, stretch='normal', size='scalable')) = 11.05
[2024-05-24 16:29:43,777] [140247828813632] DEBUG	font_manager.py - _findfont_cached:1391 -> findfont: score(FontEntry(fname='/usr/local/lib/python3.9/site-packages/matplotlib/mpl-data/fonts/ttf/DejaVuSans-BoldOblique.ttf', name='DejaVu Sans', style='oblique', variant='normal', weight=700, stretch='normal', size='scalable')) = 1.335
[2024-05-24 16:29:43,777] [140247828813632] DEBUG	font_manager.py - _findfont_cached:1391 -> findfont: score(FontEntry(fname='/usr/local/lib/python3.9/site-packages/matplotlib/mpl-data/fonts/ttf/DejaVuSans-Oblique.ttf', name='DejaVu Sans', style='oblique', variant='normal', weight=400, stretch='normal', size='scalable')) = 1.05
[2024-05-24 16:29:43,777] [140247828813632] DEBUG	font_manager.py - _findfont_cached:1391 -> findfont: score(FontEntry(fname='/usr/share/fonts/truetype/dejavu/DejaVuSerif-Bold.ttf', name='DejaVu Serif', style='normal', variant='normal', weight=700, stretch='normal', size='scalable')) = 10.335
[2024-05-24 16:29:43,777] [140247828813632] DEBUG	font_manager.py - _findfont_cached:1391 -> findfont: score(FontEntry(fname='/usr/share/fonts/truetype/dejavu/DejaVuSans.ttf', name='DejaVu Sans', style='normal', variant='normal', weight=400, stretch='normal', size='scalable')) = 0.05
[2024-05-24 16:29:43,778] [140247828813632] DEBUG	font_manager.py - _findfont_cached:1391 -> findfont: score(FontEntry(fname='/usr/share/fonts/truetype/dejavu/DejaVuSansMono-Bold.ttf', name='DejaVu Sans Mono', style='normal', variant='normal', weight=700, stretch='normal', size='scalable')) = 10.335
[2024-05-24 16:29:43,778] [140247828813632] DEBUG	font_manager.py - _findfont_cached:1391 -> findfont: score(FontEntry(fname='/usr/share/fonts/truetype/dejavu/DejaVuSansMono.ttf', name='DejaVu Sans Mono', style='normal', variant='normal', weight=400, stretch='normal', size='scalable')) = 10.05
[2024-05-24 16:29:43,778] [140247828813632] DEBUG	font_manager.py - _findfont_cached:1391 -> findfont: score(FontEntry(fname='/usr/share/fonts/truetype/dejavu/DejaVuSerif.ttf', name='DejaVu Serif', style='normal', variant='normal', weight=400, stretch='normal', size='scalable')) = 10.05
[2024-05-24 16:29:43,778] [140247828813632] DEBUG	font_manager.py - _findfont_cached:1391 -> findfont: score(FontEntry(fname='/usr/share/fonts/truetype/dejavu/DejaVuSans-Bold.ttf', name='DejaVu Sans', style='normal', variant='normal', weight=700, stretch='normal', size='scalable')) = 0.33499999999999996
[2024-05-24 16:29:43,778] [140247828813632] DEBUG	font_manager.py - _findfont_cached:1422 -> findfont: Matching sans\-serif:style=normal:variant=normal:weight=normal:stretch=normal:size=10.0 to DejaVu Sans ('/usr/local/lib/python3.9/site-packages/matplotlib/mpl-data/fonts/ttf/DejaVuSans.ttf') with score of 0.050000.
[2024-05-24 16:29:46,366] [140247828813632] DEBUG	logging.py - wrapper:129 -> [START] /usr/local/lib/python3.9/site-packages/ait_sdk/common/files/ait_output.py[263]:add_resource(<ait_sdk.common.files.ait_output.AITOutput object at 0x7f8dd11a53d0>)
[2024-05-24 16:29:46,367] [140247828813632] DEBUG	logging.py - wrapper:137 -> [END] /usr/local/lib/python3.9/site-packages/ait_sdk/common/files/ait_output.py[263]:add_resource()
[2024-05-24 16:29:46,367] [140247828813632] DEBUG	logging.py - wrapper:137 -> [END] /usr/local/lib/python3.9/site-packages/ait_sdk/develop/annotation.py[9]:save_pair_plot()
[2024-05-24 16:29:46,367] [140247828813632] DEBUG	logging.py - wrapper:129 -> [START] /usr/local/lib/python3.9/site-packages/ait_sdk/develop/annotation.py[10]:move_log()
[2024-05-24 16:29:46,368] [140247828813632] DEBUG	logging.py - wrapper:129 -> [START] /usr/local/lib/python3.9/site-packages/ait_sdk/develop/ait_path_helper.py[334]:get_output_download_path(<ait_sdk.develop.ait_path_helper.AITPathHelper object at 0x7f8dd11a5070>,Log)
[2024-05-24 16:29:46,368] [140247828813632] DEBUG	logging.py - wrapper:129 -> [START] /usr/local/lib/python3.9/site-packages/ait_sdk/develop/ait_path_helper.py[145]:_get_result_dir_path(<ait_sdk.develop.ait_path_helper.AITPathHelper object at 0x7f8dd11a5070>)
[2024-05-24 16:29:46,369] [140247828813632] DEBUG	logging.py - wrapper:129 -> [START] /usr/local/lib/python3.9/site-packages/ait_sdk/common/files/ait_input.py[103]:get_mount_dir_path(<ait_sdk.common.files.ait_input.AITInput object at 0x7f8dd11a53a0>)
[2024-05-24 16:29:46,369] [140247828813632] DEBUG	logging.py - wrapper:135 -> [END] /usr/local/lib/python3.9/site-packages/ait_sdk/common/files/ait_input.py[103]:get_mount_dir_path() = /usr/local/qai/mnt
[2024-05-24 16:29:46,369] [140247828813632] DEBUG	logging.py - wrapper:129 -> [START] /usr/local/lib/python3.9/site-packages/ait_sdk/common/files/ait_input.py[104]:get_job_id(<ait_sdk.common.files.ait_input.AITInput object at 0x7f8dd11a53a0>)
[2024-05-24 16:29:46,370] [140247828813632] DEBUG	logging.py - wrapper:135 -> [END] /usr/local/lib/python3.9/site-packages/ait_sdk/common/files/ait_input.py[104]:get_job_id() = 1
[2024-05-24 16:29:46,370] [140247828813632] DEBUG	logging.py - wrapper:129 -> [START] /usr/local/lib/python3.9/site-packages/ait_sdk/common/files/ait_input.py[105]:get_run_id(<ait_sdk.common.files.ait_input.AITInput object at 0x7f8dd11a53a0>)
[2024-05-24 16:29:46,370] [140247828813632] DEBUG	logging.py - wrapper:135 -> [END] /usr/local/lib/python3.9/site-packages/ait_sdk/common/files/ait_input.py[105]:get_run_id() = 1
[2024-05-24 16:29:46,370] [140247828813632] DEBUG	logging.py - wrapper:135 -> [END] /usr/local/lib/python3.9/site-packages/ait_sdk/develop/ait_path_helper.py[145]:_get_result_dir_path() = /usr/local/qai/mnt/ip/job_result/1/1
[2024-05-24 16:29:46,371] [140247828813632] DEBUG	logging.py - wrapper:135 -> [END] /usr/local/lib/python3.9/site-packages/ait_sdk/develop/ait_path_helper.py[334]:get_output_download_path() = /usr/local/qai/mnt/ip/job_result/1/1/downloads/Log/
